\BOOKMARK [1][]{section.1}{\376\377\000I\000n\000t\000r\000o\000d\000u\000c\000t\000i\000o\000n}{}% 1
\BOOKMARK [2][]{subsection.1.1}{\376\377\000T\000h\000e\000\040\000R\000e\000f\000e\000r\000e\000n\000c\000e\000\040\000I\000m\000p\000l\000e\000m\000e\000n\000t\000a\000t\000i\000o\000n}{section.1}% 2
\BOOKMARK [2][]{subsection.1.2}{\376\377\000T\000a\000r\000g\000e\000t\000\040\000A\000u\000d\000i\000e\000n\000c\000e\000\040\000a\000n\000d\000\040\000P\000r\000e\000r\000e\000q\000u\000i\000s\000i\000t\000e\000s}{section.1}% 3
\BOOKMARK [2][]{subsection.1.3}{\376\377\000S\000c\000o\000p\000e\000\040\000a\000n\000d\000\040\000O\000r\000g\000a\000n\000i\000z\000a\000t\000i\000o\000n}{section.1}% 4
\BOOKMARK [2][]{subsection.1.4}{\376\377\000N\000o\000t\000a\000t\000i\000o\000n\000\040\000C\000o\000n\000v\000e\000n\000t\000i\000o\000n\000s}{section.1}% 5
\BOOKMARK [1][]{section.2}{\376\377\000A\000r\000c\000h\000i\000t\000e\000c\000t\000u\000r\000e\000\040\000O\000v\000e\000r\000v\000i\000e\000w}{}% 6
\BOOKMARK [2][]{subsection.2.1}{\376\377\000T\000w\000o\000\040\000C\000o\000d\000e\000c\000s\000,\000\040\000O\000n\000e\000\040\000B\000i\000t\000s\000t\000r\000e\000a\000m}{section.2}% 7
\BOOKMARK [2][]{subsection.2.2}{\376\377\000T\000h\000e\000\040\000L\000a\000y\000e\000r\000e\000d\000\040\000S\000t\000a\000c\000k}{section.2}% 8
\BOOKMARK [2][]{subsection.2.3}{\376\377\000D\000e\000c\000o\000d\000i\000n\000g\000\040\000a\000\040\000P\000a\000c\000k\000e\000t\000:\000\040\000A\000n\000\040\000O\000v\000e\000r\000v\000i\000e\000w}{section.2}% 9
\BOOKMARK [2][]{subsection.2.4}{\376\377\000S\000a\000m\000p\000l\000e\000\040\000R\000a\000t\000e\000s\000\040\000a\000n\000d\000\040\000t\000h\000e\000\040\0004\0008\000\040\000k\000H\000z\000\040\000R\000e\000f\000e\000r\000e\000n\000c\000e}{section.2}% 10
\BOOKMARK [2][]{subsection.2.5}{\376\377\000F\000r\000o\000m\000\040\000Q\000u\000a\000n\000t\000i\000t\000i\000e\000s\000\040\000t\000o\000\040\000S\000y\000m\000b\000o\000l\000s}{section.2}% 11
\BOOKMARK [1][]{section.3}{\376\377\000T\000h\000e\000\040\000R\000a\000n\000g\000e\000\040\000C\000o\000d\000e\000r}{}% 12
\BOOKMARK [2][]{subsection.3.1}{\376\377\000W\000h\000y\000\040\000E\000n\000t\000r\000o\000p\000y\000\040\000C\000o\000d\000i\000n\000g}{section.3}% 13
\BOOKMARK [2][]{subsection.3.2}{\376\377\000T\000h\000e\000\040\000I\000n\000t\000e\000g\000e\000r\000\040\000R\000a\000n\000g\000e\000\040\000C\000o\000d\000e\000r}{section.3}% 14
\BOOKMARK [3][]{subsubsection.3.2.1}{\376\377\000D\000e\000c\000o\000d\000i\000n\000g\000\040\000a\000\040\000s\000y\000m\000b\000o\000l}{subsection.3.2}% 15
\BOOKMARK [3][]{subsubsection.3.2.2}{\376\377\000T\000h\000e\000\040\000r\000e\000n\000o\000r\000m\000a\000l\000i\000z\000a\000t\000i\000o\000n\000\040\000l\000o\000o\000p}{subsection.3.2}% 16
\BOOKMARK [3][]{subsubsection.3.2.3}{\376\377\000E\000n\000c\000o\000d\000i\000n\000g\000\040\000a\000\040\000s\000y\000m\000b\000o\000l}{subsection.3.2}% 17
\BOOKMARK [2][]{subsection.3.3}{\376\377\000C\000a\000r\000r\000y\000\040\000P\000r\000o\000p\000a\000g\000a\000t\000i\000o\000n}{section.3}% 18
\BOOKMARK [2][]{subsection.3.4}{\376\377\000T\000h\000e\000\040\000I\000C\000D\000F\000\040\000R\000e\000p\000r\000e\000s\000e\000n\000t\000a\000t\000i\000o\000n}{section.3}% 19
\BOOKMARK [2][]{subsection.3.5}{\376\377\000B\000i\000n\000a\000r\000y\000\040\000S\000y\000m\000b\000o\000l\000s\000\040\000a\000n\000d\000\040\000R\000a\000w\000\040\000B\000i\000t\000s}{section.3}% 20
\BOOKMARK [2][]{subsection.3.6}{\376\377\000B\000i\000t\000\040\000B\000u\000d\000g\000e\000t\000i\000n\000g\000:\000\040\000t\000e\000l\000l\000\050\000\051\000\040\000a\000n\000d\000\040\000t\000e\000l\000l\000\137\000f\000r\000a\000c\000\050\000\051}{section.3}% 21
\BOOKMARK [2][]{subsection.3.7}{\376\377\000T\000h\000e\000\040\000F\000i\000n\000a\000l\000-\000R\000a\000n\000g\000e\000\040\000O\000r\000a\000c\000l\000e}{section.3}% 22
\BOOKMARK [1][]{section.4}{\376\377\000P\000a\000c\000k\000e\000t\000\040\000F\000r\000a\000m\000i\000n\000g}{}% 23
\BOOKMARK [2][]{subsection.4.1}{\376\377\000T\000h\000e\000\040\000S\000e\000l\000f\000-\000D\000e\000l\000i\000m\000i\000t\000i\000n\000g\000\040\000Q\000u\000e\000s\000t\000i\000o\000n}{section.4}% 24
\BOOKMARK [2][]{subsection.4.2}{\376\377\000T\000h\000e\000\040\000T\000O\000C\000\040\000B\000y\000t\000e}{section.4}% 25
\BOOKMARK [3][]{subsubsection.4.2.1}{\376\377\000T\000h\000e\000\040\0003\0002\000\040\000c\000o\000n\000f\000i\000g\000u\000r\000a\000t\000i\000o\000n\000s}{subsection.4.2}% 26
\BOOKMARK [2][]{subsection.4.3}{\376\377\000F\000r\000a\000m\000e\000-\000P\000a\000c\000k\000i\000n\000g\000\040\000C\000o\000d\000e\000s}{section.4}% 27
\BOOKMARK [3][]{subsubsection.4.3.1}{\376\377\000C\000o\000d\000e\000\040\0003\000\040\000i\000n\000\040\000d\000e\000t\000a\000i\000l}{subsection.4.3}% 28
\BOOKMARK [2][]{subsection.4.4}{\376\377\000V\000a\000l\000i\000d\000i\000t\000y\000\040\000R\000u\000l\000e\000s}{section.4}% 29
\BOOKMARK [1][]{section.5}{\376\377\000C\000E\000L\000T\000:\000\040\000T\000r\000a\000n\000s\000f\000o\000r\000m\000\040\000C\000o\000d\000i\000n\000g}{}% 30
\BOOKMARK [2][]{subsection.5.1}{\376\377\000T\000h\000e\000\040\000M\000D\000C\000T\000\040\000a\000n\000d\000\040\000L\000a\000p\000p\000e\000d\000\040\000T\000r\000a\000n\000s\000f\000o\000r\000m\000s}{section.5}% 31
\BOOKMARK [3][]{subsubsection.5.1.1}{\376\377\000T\000h\000e\000\040\000w\000i\000n\000d\000o\000w\000\040\000a\000n\000d\000\040\000p\000e\000r\000f\000e\000c\000t\000\040\000r\000e\000c\000o\000n\000s\000t\000r\000u\000c\000t\000i\000o\000n}{subsection.5.1}% 32
\BOOKMARK [3][]{subsubsection.5.1.2}{\376\377\000S\000h\000o\000r\000t\000\040\000b\000l\000o\000c\000k\000s\000\040\000f\000o\000r\000\040\000t\000r\000a\000n\000s\000i\000e\000n\000t\000s}{subsection.5.1}% 33
\BOOKMARK [3][]{subsubsection.5.1.3}{\376\377\000C\000o\000m\000p\000u\000t\000i\000n\000g\000\040\000t\000h\000e\000\040\000M\000D\000C\000T\000\040\000t\000h\000r\000o\000u\000g\000h\000\040\000a\000n\000\040\000F\000F\000T}{subsection.5.1}% 34
\BOOKMARK [2][]{subsection.5.2}{\376\377\000T\000h\000e\000\040\000E\000n\000e\000r\000g\000y\000\040\000E\000n\000v\000e\000l\000o\000p\000e}{section.5}% 35
\BOOKMARK [3][]{subsubsection.5.2.1}{\376\377\000C\000o\000a\000r\000s\000e\000\040\000e\000n\000e\000r\000g\000y\000\040\000a\000n\000d\000\040\000t\000w\000o\000-\000d\000i\000m\000e\000n\000s\000i\000o\000n\000a\000l\000\040\000p\000r\000e\000d\000i\000c\000t\000i\000o\000n}{subsection.5.2}% 36
\BOOKMARK [2][]{subsection.5.3}{\376\377\000P\000y\000r\000a\000m\000i\000d\000\040\000V\000e\000c\000t\000o\000r\000\040\000Q\000u\000a\000n\000t\000i\000z\000a\000t\000i\000o\000n}{section.5}% 37
\BOOKMARK [3][]{subsubsection.5.3.1}{\376\377\000T\000h\000e\000\040\000p\000u\000l\000s\000e\000\040\000s\000e\000a\000r\000c\000h}{subsection.5.3}% 38
\BOOKMARK [2][]{subsection.5.4}{\376\377\000C\000W\000R\000S\000:\000\040\000E\000n\000u\000m\000e\000r\000a\000t\000i\000n\000g\000\040\000t\000h\000e\000\040\000C\000o\000d\000e\000b\000o\000o\000k}{section.5}% 39
\BOOKMARK [2][]{subsection.5.5}{\376\377\000B\000i\000t\000\040\000A\000l\000l\000o\000c\000a\000t\000i\000o\000n}{section.5}% 40
\BOOKMARK [2][]{subsection.5.6}{\376\377\000B\000a\000n\000d\000\040\000C\000o\000d\000i\000n\000g\000:\000\040\000S\000p\000l\000i\000t\000s\000,\000\040\000F\000o\000l\000d\000i\000n\000g\000,\000\040\000a\000n\000d\000\040\000S\000t\000e\000r\000e\000o}{section.5}% 41
\BOOKMARK [3][]{subsubsection.5.6.1}{\376\377\000R\000e\000c\000u\000r\000s\000i\000v\000e\000\040\000s\000p\000l\000i\000t\000t\000i\000n\000g\000\040\000b\000y\000\040\000a\000n\000g\000l\000e}{subsection.5.6}% 42
\BOOKMARK [3][]{subsubsection.5.6.2}{\376\377\000S\000p\000r\000e\000a\000d\000i\000n\000g\000\040\000r\000o\000t\000a\000t\000i\000o\000n}{subsection.5.6}% 43
\BOOKMARK [3][]{subsubsection.5.6.3}{\376\377\000F\000o\000l\000d\000i\000n\000g\000\040\000a\000n\000d\000\040\000n\000o\000i\000s\000e\000\040\000f\000i\000l\000l}{subsection.5.6}% 44
\BOOKMARK [3][]{subsubsection.5.6.4}{\376\377\000C\000o\000l\000l\000a\000p\000s\000e\000\040\000m\000a\000s\000k\000s\000\040\000a\000n\000d\000\040\000a\000n\000t\000i\000-\000c\000o\000l\000l\000a\000p\000s\000e}{subsection.5.6}% 45
\BOOKMARK [3][]{subsubsection.5.6.5}{\376\377\000S\000t\000e\000r\000e\000o\000\040\000c\000o\000u\000p\000l\000i\000n\000g}{subsection.5.6}% 46
\BOOKMARK [3][]{subsubsection.5.6.6}{\376\377\000T\000i\000m\000e\000-\000f\000r\000e\000q\000u\000e\000n\000c\000y\000\040\000r\000e\000s\000h\000a\000p\000i\000n\000g}{subsection.5.6}% 47
\BOOKMARK [2][]{subsection.5.7}{\376\377\000T\000h\000e\000\040\000E\000n\000c\000o\000d\000e\000r\000'\000s\000\040\000A\000n\000a\000l\000y\000s\000i\000s}{section.5}% 48
\BOOKMARK [1][]{section.6}{\376\377\000S\000I\000L\000K\000:\000\040\000L\000i\000n\000e\000a\000r\000-\000P\000r\000e\000d\000i\000c\000t\000i\000v\000e\000\040\000C\000o\000d\000i\000n\000g}{}% 49
\BOOKMARK [2][]{subsection.6.1}{\376\377\000T\000h\000e\000\040\000S\000o\000u\000r\000c\000e\000-\000F\000i\000l\000t\000e\000r\000\040\000M\000o\000d\000e\000l}{section.6}% 50
\BOOKMARK [2][]{subsection.6.2}{\376\377\000S\000h\000o\000r\000t\000-\000T\000e\000r\000m\000\040\000P\000r\000e\000d\000i\000c\000t\000i\000o\000n}{section.6}% 51
\BOOKMARK [3][]{subsubsection.6.2.1}{\376\377\000E\000s\000t\000i\000m\000a\000t\000i\000n\000g\000\040\000t\000h\000e\000\040\000c\000o\000e\000f\000f\000i\000c\000i\000e\000n\000t\000s}{subsection.6.2}% 52
\BOOKMARK [2][]{subsection.6.3}{\376\377\000L\000i\000n\000e\000\040\000S\000p\000e\000c\000t\000r\000a\000l\000\040\000F\000r\000e\000q\000u\000e\000n\000c\000i\000e\000s}{section.6}% 53
\BOOKMARK [3][]{subsubsection.6.3.1}{\376\377\000T\000h\000e\000\040\000t\000w\000o\000-\000s\000t\000a\000g\000e\000\040\000v\000e\000c\000t\000o\000r\000\040\000q\000u\000a\000n\000t\000i\000z\000e\000r}{subsection.6.3}% 54
\BOOKMARK [3][]{subsubsection.6.3.2}{\376\377\000R\000e\000c\000o\000n\000s\000t\000r\000u\000c\000t\000i\000o\000n\000\040\000a\000n\000d\000\040\000s\000t\000a\000b\000i\000l\000i\000t\000y\000\040\000e\000n\000f\000o\000r\000c\000e\000m\000e\000n\000t}{subsection.6.3}% 55
\BOOKMARK [2][]{subsection.6.4}{\376\377\000L\000o\000n\000g\000-\000T\000e\000r\000m\000\040\000P\000r\000e\000d\000i\000c\000t\000i\000o\000n}{section.6}% 56
\BOOKMARK [1][]{section.7}{\376\377\000P\000y\000t\000h\000o\000n\000\040\000A\000P\000I\000\040\000R\000e\000f\000e\000r\000e\000n\000c\000e}{}% 57
\BOOKMARK [2][]{subsection.7.1}{\376\377\000I\000n\000t\000r\000o\000d\000u\000c\000t\000i\000o\000n}{section.7}% 58
